android/app/build/intermediates/manifest_merge_blame_file/release/manifest-merger-blame-release-report.txt
1<?xml version="1.0" encoding="utf-8"?>
2<manifest xmlns:android="http://schemas.android.com/apk/res/android"
3    package="com.MJU.HURE_APP"
4    android:versionCode="1"
5    android:versionName="1.0.0" >
6
7    <uses-sdk
8        android:minSdkVersion="21"
8-->src/main/AndroidManifest.xml
9        android:targetSdkVersion="28" />
9-->src/main/AndroidManifest.xml
10
11    <permission
11-->src/main/AndroidManifest.xml:7:3-9:42
12        android:name="com.MJU.HURE_APP.permission.C2D_MESSAGE"
12-->src/main/AndroidManifest.xml:8:5-59
13        android:protectionLevel="signature" />
13-->src/main/AndroidManifest.xml:9:5-40
14
15    <!-- These are required permissions to make the app run -->
16    <uses-permission android:name="com.MJU.HURE_APP.permission.C2D_MESSAGE" />
16-->src/main/AndroidManifest.xml:12:3-77
16-->src/main/AndroidManifest.xml:12:20-74
17    <uses-permission android:name="com.google.android.c2dm.permission.RECEIVE" />
17-->src/main/AndroidManifest.xml:13:3-80
17-->src/main/AndroidManifest.xml:13:20-77
18    <uses-permission android:name="android.permission.ACCESS_NETWORK_STATE" />
18-->src/main/AndroidManifest.xml:14:3-77
18-->src/main/AndroidManifest.xml:14:20-74
19    <uses-permission android:name="android.permission.INTERNET" />
19-->src/main/AndroidManifest.xml:15:3-65
19-->src/main/AndroidManifest.xml:15:20-62
20    <uses-permission android:name="android.permission.SYSTEM_ALERT_WINDOW" />
20-->src/main/AndroidManifest.xml:16:3-76
20-->src/main/AndroidManifest.xml:16:20-73
21    <uses-permission android:name="android.permission.WAKE_LOCK" />
21-->src/main/AndroidManifest.xml:17:3-66
21-->src/main/AndroidManifest.xml:17:20-63
22    <uses-permission android:name="android.permission.ACCESS_COARSE_LOCATION" />
22-->src/main/AndroidManifest.xml:20:7-83
22-->src/main/AndroidManifest.xml:20:24-80
23    <uses-permission android:name="android.permission.ACCESS_FINE_LOCATION" />
23-->src/main/AndroidManifest.xml:21:1-75
23-->src/main/AndroidManifest.xml:21:18-72
24    <uses-permission android:name="android.permission.MANAGE_DOCUMENTS" />
24-->src/main/AndroidManifest.xml:22:1-71
24-->src/main/AndroidManifest.xml:22:18-68
25    <uses-permission android:name="android.permission.READ_CONTACTS" />
25-->src/main/AndroidManifest.xml:23:1-68
25-->src/main/AndroidManifest.xml:23:18-65
26    <uses-permission android:name="android.permission.WRITE_CONTACTS" />
26-->src/main/AndroidManifest.xml:24:1-69
26-->src/main/AndroidManifest.xml:24:18-66
27    <uses-permission android:name="android.permission.READ_EXTERNAL_STORAGE" />
27-->src/main/AndroidManifest.xml:25:1-76
27-->src/main/AndroidManifest.xml:25:18-73
28    <uses-permission android:name="android.permission.READ_PHONE_STATE" />
28-->src/main/AndroidManifest.xml:26:1-71
28-->src/main/AndroidManifest.xml:26:18-68
29    <uses-permission android:name="android.permission.VIBRATE" />
29-->src/main/AndroidManifest.xml:27:1-62
29-->src/main/AndroidManifest.xml:27:18-59
30    <uses-permission android:name="android.permission.WAKE_LOCK" />
30-->src/main/AndroidManifest.xml:17:3-66
30-->src/main/AndroidManifest.xml:17:20-63
31    <uses-permission android:name="android.permission.WRITE_EXTERNAL_STORAGE" />
31-->src/main/AndroidManifest.xml:29:1-77
31-->src/main/AndroidManifest.xml:29:18-74
32    <uses-permission android:name="com.anddoes.launcher.permission.UPDATE_COUNT" />
32-->src/main/AndroidManifest.xml:30:1-80
32-->src/main/AndroidManifest.xml:30:18-77
33    <uses-permission android:name="com.android.launcher.permission.INSTALL_SHORTCUT" />
33-->src/main/AndroidManifest.xml:31:1-84
33-->src/main/AndroidManifest.xml:31:18-81
34    <uses-permission android:name="com.google.android.c2dm.permission.RECEIVE" />
34-->src/main/AndroidManifest.xml:13:3-80
34-->src/main/AndroidManifest.xml:13:20-77
35    <uses-permission android:name="com.google.android.gms.permission.ACTIVITY_RECOGNITION" />
35-->src/main/AndroidManifest.xml:33:1-90
35-->src/main/AndroidManifest.xml:33:18-87
36    <uses-permission android:name="com.google.android.providers.gsf.permission.READ_GSERVICES" />
36-->src/main/AndroidManifest.xml:34:1-94
36-->src/main/AndroidManifest.xml:34:18-91
37    <uses-permission android:name="com.htc.launcher.permission.READ_SETTINGS" />
37-->src/main/AndroidManifest.xml:35:1-77
37-->src/main/AndroidManifest.xml:35:18-74
38    <uses-permission android:name="com.htc.launcher.permission.UPDATE_SHORTCUT" />
38-->src/main/AndroidManifest.xml:36:1-79
38-->src/main/AndroidManifest.xml:36:18-76
39    <uses-permission android:name="com.majeur.launcher.permission.UPDATE_BADGE" />
39-->src/main/AndroidManifest.xml:37:1-79
39-->src/main/AndroidManifest.xml:37:18-76
40    <uses-permission android:name="com.sec.android.provider.badge.permission.READ" />
40-->src/main/AndroidManifest.xml:38:1-82
40-->src/main/AndroidManifest.xml:38:18-79
41    <uses-permission android:name="com.sec.android.provider.badge.permission.WRITE" />
41-->src/main/AndroidManifest.xml:39:1-83
41-->src/main/AndroidManifest.xml:39:18-80
42    <uses-permission android:name="com.sonyericsson.home.permission.BROADCAST_BADGE" />
42-->src/main/AndroidManifest.xml:40:1-84
42-->src/main/AndroidManifest.xml:40:18-81
43
44    <!-- ADD TEST PERMISSIONS HERE -->
45
46    <uses-feature
46-->src/main/AndroidManifest.xml:52:3-77
47        android:glEsVersion="0x00020000"
47-->src/main/AndroidManifest.xml:52:17-49
48        android:required="true" />
48-->src/main/AndroidManifest.xml:52:50-74
49    <uses-feature
49-->src/main/AndroidManifest.xml:53:3-85
50        android:name="android.software.leanback"
50-->src/main/AndroidManifest.xml:53:17-57
51        android:required="false" />
51-->src/main/AndroidManifest.xml:53:58-82
52    <uses-feature
52-->src/main/AndroidManifest.xml:54:3-88
53        android:name="android.hardware.touchscreen"
53-->src/main/AndroidManifest.xml:54:17-60
54        android:required="false" />
54-->src/main/AndroidManifest.xml:54:61-85
55
56    <!-- WHEN_VERSIONING_REMOVE_FROM_HERE -->
57    <supports-screens
57-->[host.exp.exponent:expoview:36.0.0] AndroidManifest.xml:13:5-19:24
58        android:anyDensity="true"
58-->[host.exp.exponent:expoview:36.0.0] AndroidManifest.xml:14:9-34
59        android:largeScreens="true"
59-->[host.exp.exponent:expoview:36.0.0] AndroidManifest.xml:15:9-36
60        android:normalScreens="true"
60-->[host.exp.exponent:expoview:36.0.0] AndroidManifest.xml:16:9-37
61        android:smallScreens="true"
61-->[host.exp.exponent:expoview:36.0.0] AndroidManifest.xml:17:9-36
62        android:xlargeScreens="true" >
62-->[host.exp.exponent:expoview:36.0.0] AndroidManifest.xml:18:9-37
63    </supports-screens>
64
65    <uses-permission android:name="host.exp.exponent.permission.C2D_MESSAGE" />
65-->[host.exp.exponent:expoview:36.0.0] AndroidManifest.xml:26:5-80
65-->[host.exp.exponent:expoview:36.0.0] AndroidManifest.xml:26:22-77
66    <uses-permission android:name="android.permission.MODIFY_AUDIO_SETTINGS" /> <!-- Used by react-native-netinfo module -->
66-->[host.exp.exponent:expoview:36.0.0] AndroidManifest.xml:31:5-80
66-->[host.exp.exponent:expoview:36.0.0] AndroidManifest.xml:31:22-77
67    <uses-permission android:name="android.permission.ACCESS_WIFI_STATE" />
67-->[host.exp.exponent:expoview:36.0.0] AndroidManifest.xml:34:5-76
67-->[host.exp.exponent:expoview:36.0.0] AndroidManifest.xml:34:22-73
68
69    <uses-feature
69-->[host.exp.exponent:expoview:36.0.0] AndroidManifest.xml:47:5-49:36
70        android:name="android.hardware.camera"
70-->[host.exp.exponent:expoview:36.0.0] AndroidManifest.xml:48:9-47
71        android:required="false" />
71-->[host.exp.exponent:expoview:36.0.0] AndroidManifest.xml:49:9-33
72    <uses-feature
72-->[host.exp.exponent:expoview:36.0.0] AndroidManifest.xml:50:5-52:36
73        android:name="android.hardware.camera.autofocus"
73-->[host.exp.exponent:expoview:36.0.0] AndroidManifest.xml:51:9-57
74        android:required="false" />
74-->[host.exp.exponent:expoview:36.0.0] AndroidManifest.xml:52:9-33
75    <uses-feature
75-->[host.exp.exponent:expoview:36.0.0] AndroidManifest.xml:53:5-55:36
76        android:name="android.hardware.location"
76-->[host.exp.exponent:expoview:36.0.0] AndroidManifest.xml:54:9-49
77        android:required="false" />
77-->[host.exp.exponent:expoview:36.0.0] AndroidManifest.xml:55:9-33
78    <uses-feature
78-->[host.exp.exponent:expoview:36.0.0] AndroidManifest.xml:56:5-58:36
79        android:name="android.hardware.location.gps"
79-->[host.exp.exponent:expoview:36.0.0] AndroidManifest.xml:57:9-53
80        android:required="false" />
80-->[host.exp.exponent:expoview:36.0.0] AndroidManifest.xml:58:9-33
81    <uses-feature
81-->[host.exp.exponent:expoview:36.0.0] AndroidManifest.xml:59:5-61:36
82        android:name="android.hardware.location.network"
82-->[host.exp.exponent:expoview:36.0.0] AndroidManifest.xml:60:9-57
83        android:required="false" />
83-->[host.exp.exponent:expoview:36.0.0] AndroidManifest.xml:61:9-33
84    <uses-feature
84-->[host.exp.exponent:expoview:36.0.0] AndroidManifest.xml:62:5-64:36
85        android:name="android.hardware.wifi"
85-->[host.exp.exponent:expoview:36.0.0] AndroidManifest.xml:63:9-45
86        android:required="false" />
86-->[host.exp.exponent:expoview:36.0.0] AndroidManifest.xml:64:9-33
87    <uses-feature
87-->[host.exp.exponent:expoview:36.0.0] AndroidManifest.xml:65:5-67:36
88        android:name="android.hardware.microphone"
88-->[host.exp.exponent:expoview:36.0.0] AndroidManifest.xml:66:9-51
89        android:required="false" />
89-->[host.exp.exponent:expoview:36.0.0] AndroidManifest.xml:67:9-33
90    <uses-feature
90-->[host.exp.exponent:expoview:36.0.0] AndroidManifest.xml:68:5-70:36
91        android:name="android.hardware.telephony"
91-->[host.exp.exponent:expoview:36.0.0] AndroidManifest.xml:69:9-50
92        android:required="false" />
92-->[host.exp.exponent:expoview:36.0.0] AndroidManifest.xml:70:9-33
93    <uses-feature
93-->[host.exp.exponent:expoview:36.0.0] AndroidManifest.xml:71:5-73:36
94        android:name="android.hardware.bluetooth"
94-->[host.exp.exponent:expoview:36.0.0] AndroidManifest.xml:72:9-50
95        android:required="false" />
95-->[host.exp.exponent:expoview:36.0.0] AndroidManifest.xml:73:9-33
96
97    <uses-permission android:name="android.permission.STORAGE" />
97-->[:expo-file-system] AndroidManifest.xml:15:5-66
97-->[:expo-file-system] AndroidManifest.xml:15:22-63
98    <uses-permission android:name="android.permission.FOREGROUND_SERVICE" />
98-->[:expo-location] AndroidManifest.xml:13:5-77
98-->[:expo-location] AndroidManifest.xml:13:22-74
99    <uses-permission android:name="com.google.android.finsky.permission.BIND_GET_INSTALL_REFERRER_SERVICE" />
99-->[com.google.android.gms:play-services-measurement:16.5.0] AndroidManifest.xml:26:5-110
99-->[com.google.android.gms:play-services-measurement:16.5.0] AndroidManifest.xml:26:22-107
100
101    <application
101-->src/main/AndroidManifest.xml:56:3-368:17
102        android:name="host.exp.exponent.MainApplication"
102-->src/main/AndroidManifest.xml:57:5-36
103        android:allowBackup="true"
103-->src/main/AndroidManifest.xml:58:5-31
104        android:appComponentFactory="androidx.core.app.CoreComponentFactory"
104-->[androidx.core:core:1.1.0] AndroidManifest.xml:24:18-86
105        android:icon="@mipmap/ic_launcher"
105-->src/main/AndroidManifest.xml:59:5-39
106        android:label="@string/app_name"
106-->src/main/AndroidManifest.xml:60:5-37
107        android:largeHeap="true"
107-->src/main/AndroidManifest.xml:61:5-29
108        android:supportsRtl="true"
108-->[com.facebook.android:facebook-android-sdk:5.0.1] AndroidManifest.xml:28:18-44
109        android:usesCleartextTraffic="true" >
109-->src/main/AndroidManifest.xml:62:5-40
110        <activity
110-->src/main/AndroidManifest.xml:64:5-69:16
111            android:name="host.exp.exponent.LauncherActivity"
111-->src/main/AndroidManifest.xml:65:7-39
112            android:exported="true"
112-->src/main/AndroidManifest.xml:66:7-30
113            android:launchMode="singleTask"
113-->src/main/AndroidManifest.xml:67:7-38
114            android:theme="@android:style/Theme.Translucent.NoTitleBar" >
114-->src/main/AndroidManifest.xml:68:7-66
115        </activity>
116        <activity
116-->src/main/AndroidManifest.xml:71:5-76:16
117            android:name="host.exp.exponent.experience.ExperienceActivity"
117-->src/main/AndroidManifest.xml:72:7-52
118            android:configChanges="keyboard|keyboardHidden|orientation|screenSize"
118-->src/main/AndroidManifest.xml:73:7-77
119            android:theme="@style/Theme.Exponent.Light"
119-->src/main/AndroidManifest.xml:74:7-50
120            android:windowSoftInputMode="adjustResize" >
120-->src/main/AndroidManifest.xml:75:7-49
121        </activity>
122        <activity
122-->src/main/AndroidManifest.xml:78:5-98:16
123            android:name="host.exp.exponent.MainActivity"
123-->src/main/AndroidManifest.xml:79:7-35
124            android:configChanges="keyboard|keyboardHidden|orientation|screenSize"
124-->src/main/AndroidManifest.xml:81:7-77
125            android:launchMode="singleTask"
125-->src/main/AndroidManifest.xml:80:7-38
126            android:theme="@style/Theme.Exponent.Splash"
126-->src/main/AndroidManifest.xml:82:7-51
127            android:windowSoftInputMode="adjustResize" >
127-->src/main/AndroidManifest.xml:83:7-49
128            <intent-filter>
128-->src/main/AndroidManifest.xml:84:7-91:23
129                <data android:scheme="exp99aa17ba68ab4b9a8b1f5dda8a4cced4" />
129-->src/main/AndroidManifest.xml:85:9-69
129-->src/main/AndroidManifest.xml:85:15-67
130
131                <action android:name="android.intent.action.VIEW" />
131-->src/main/AndroidManifest.xml:87:9-60
131-->src/main/AndroidManifest.xml:87:17-58
132
133                <category android:name="android.intent.category.DEFAULT" />
133-->src/main/AndroidManifest.xml:89:9-67
133-->src/main/AndroidManifest.xml:89:19-65
134                <category android:name="android.intent.category.BROWSABLE" />
134-->src/main/AndroidManifest.xml:90:9-69
134-->src/main/AndroidManifest.xml:90:19-67
135            </intent-filter>
136            <intent-filter>
136-->src/main/AndroidManifest.xml:92:7-96:23
137                <action android:name="android.intent.action.MAIN" />
137-->src/main/AndroidManifest.xml:93:9-60
137-->src/main/AndroidManifest.xml:93:17-58
138
139                <category android:name="android.intent.category.LAUNCHER" />
139-->src/main/AndroidManifest.xml:95:9-68
139-->src/main/AndroidManifest.xml:95:19-66
140            </intent-filter>
141            <!-- ADD DETACH APP SPECIFIC INTENT FILTERS -->
142        </activity>
143        <activity
143-->src/main/AndroidManifest.xml:100:5-106:16
144            android:name="host.exp.exponent.experience.HomeActivity"
144-->src/main/AndroidManifest.xml:101:7-46
145            android:label="@string/app_name"
145-->src/main/AndroidManifest.xml:102:7-39
146            android:launchMode="singleTask"
146-->src/main/AndroidManifest.xml:103:7-38
147            android:screenOrientation="portrait"
147-->src/main/AndroidManifest.xml:104:7-43
148            android:theme="@style/Theme.Exponent.Light" >
148-->src/main/AndroidManifest.xml:105:7-50
149        </activity>
150        <activity
150-->src/main/AndroidManifest.xml:108:5-117:15
151            android:name="host.exp.exponent.experience.TvActivity"
151-->src/main/AndroidManifest.xml:109:7-44
152            android:label="@string/app_name"
152-->src/main/AndroidManifest.xml:110:7-39
153            android:screenOrientation="landscape"
153-->src/main/AndroidManifest.xml:112:7-44
154            android:theme="@style/Theme.Exponent.Light" >
154-->src/main/AndroidManifest.xml:111:7-50
155            <intent-filter>
155-->src/main/AndroidManifest.xml:113:6-116:22
156                <action android:name="android.intent.action.MAIN" />
156-->src/main/AndroidManifest.xml:93:9-60
156-->src/main/AndroidManifest.xml:93:17-58
157
158                <category android:name="android.intent.category.LEANBACK_LAUNCHER" />
158-->src/main/AndroidManifest.xml:115:8-77
158-->src/main/AndroidManifest.xml:115:18-74
159            </intent-filter>
160        </activity>
161        <activity android:name="com.facebook.react.devsupport.DevSettingsActivity" />
161-->src/main/AndroidManifest.xml:121:5-81
161-->src/main/AndroidManifest.xml:121:15-79
162        <!-- WHEN_PREPARING_SHELL_REMOVE_FROM_HERE -->
163        <!-- ADD DEV SETTINGS HERE -->
164        <!-- BEGIN_SDK_36 -->
165        <activity android:name="abi36_0_0.com.facebook.react.devsupport.DevSettingsActivity" />
165-->src/main/AndroidManifest.xml:125:5-91
165-->src/main/AndroidManifest.xml:125:15-89
166        <!-- END_SDK_36 -->
167        <!-- BEGIN_SDK_35 -->
168        <activity android:name="abi35_0_0.com.facebook.react.devsupport.DevSettingsActivity" />
168-->src/main/AndroidManifest.xml:128:5-91
168-->src/main/AndroidManifest.xml:128:15-89
169        <!-- END_SDK_35 -->
170        <!-- BEGIN_SDK_34 -->
171        <activity android:name="abi34_0_0.com.facebook.react.devsupport.DevSettingsActivity" />
171-->src/main/AndroidManifest.xml:131:5-91
171-->src/main/AndroidManifest.xml:131:15-89
172        <!-- END_SDK_34 -->
173        <!-- BEGIN_SDK_33 -->
174        <activity android:name="abi33_0_0.com.facebook.react.devsupport.DevSettingsActivity" />
174-->src/main/AndroidManifest.xml:134:5-91
174-->src/main/AndroidManifest.xml:134:15-89
175        <!-- END_SDK_33 -->
176        <!-- WHEN_PREPARING_SHELL_REMOVE_TO_HERE -->
177
178        <activity android:name="net.openid.appauth.RedirectUriReceiverActivity" >
178-->src/main/AndroidManifest.xml:138:5-147:16
178-->src/main/AndroidManifest.xml:139:9-70
179            <intent-filter>
179-->src/main/AndroidManifest.xml:141:7-146:23
180                <action android:name="android.intent.action.VIEW" />
180-->src/main/AndroidManifest.xml:87:9-60
180-->src/main/AndroidManifest.xml:87:17-58
181
182                <category android:name="android.intent.category.DEFAULT" />
182-->src/main/AndroidManifest.xml:89:9-67
182-->src/main/AndroidManifest.xml:89:19-65
183                <category android:name="android.intent.category.BROWSABLE" />
183-->src/main/AndroidManifest.xml:90:9-69
183-->src/main/AndroidManifest.xml:90:19-67
184
185                <data
185-->src/main/AndroidManifest.xml:85:9-69
186                    android:path="oauthredirect"
186-->src/main/AndroidManifest.xml:145:49-77
187                    android:scheme="com.MJU.HURE_APP" />
187-->src/main/AndroidManifest.xml:85:15-67
188            </intent-filter>
189        </activity>
190
191        <!-- START OF STRIPE SCHEMES -->
192        <activity
192-->src/main/AndroidManifest.xml:150:5-161:16
193            android:name="expo.modules.payments.stripe.RedirectUriReceiver"
193-->src/main/AndroidManifest.xml:153:9-72
194            android:exported="true"
194-->src/main/AndroidManifest.xml:151:9-32
195            android:launchMode="singleTask"
195-->src/main/AndroidManifest.xml:152:9-40
196            android:theme="@android:style/Theme.Translucent.NoTitleBar.Fullscreen" >
196-->src/main/AndroidManifest.xml:154:9-79
197            <intent-filter>
197-->src/main/AndroidManifest.xml:155:9-160:25
198                <action android:name="android.intent.action.VIEW" />
198-->src/main/AndroidManifest.xml:87:9-60
198-->src/main/AndroidManifest.xml:87:17-58
199
200                <category android:name="android.intent.category.DEFAULT" />
200-->src/main/AndroidManifest.xml:89:9-67
200-->src/main/AndroidManifest.xml:89:19-65
201                <category android:name="android.intent.category.BROWSABLE" />
201-->src/main/AndroidManifest.xml:90:9-69
201-->src/main/AndroidManifest.xml:90:19-67
202
203                <data android:scheme="expo.modules.payments.stripe.b3834559-69c7-44f6-b789-c0391113d91c" />
203-->src/main/AndroidManifest.xml:85:9-69
203-->src/main/AndroidManifest.xml:85:15-67
204            </intent-filter>
205        </activity>
206        <!-- Versioned Activity for Stripe -->
207        <!-- BEGIN_SDK_36 -->
208        <activity
208-->src/main/AndroidManifest.xml:164:5-175:16
209            android:name="abi36_0_0.expo.modules.payments.stripe.RedirectUriReceiver"
209-->src/main/AndroidManifest.xml:167:7-80
210            android:exported="true"
210-->src/main/AndroidManifest.xml:165:7-30
211            android:launchMode="singleTask"
211-->src/main/AndroidManifest.xml:166:7-38
212            android:theme="@android:style/Theme.Translucent.NoTitleBar.Fullscreen" >
212-->src/main/AndroidManifest.xml:168:7-77
213            <intent-filter>
213-->src/main/AndroidManifest.xml:169:7-174:23
214                <action android:name="android.intent.action.VIEW" />
214-->src/main/AndroidManifest.xml:87:9-60
214-->src/main/AndroidManifest.xml:87:17-58
215
216                <category android:name="android.intent.category.DEFAULT" />
216-->src/main/AndroidManifest.xml:89:9-67
216-->src/main/AndroidManifest.xml:89:19-65
217                <category android:name="android.intent.category.BROWSABLE" />
217-->src/main/AndroidManifest.xml:90:9-69
217-->src/main/AndroidManifest.xml:90:19-67
218
219                <data android:scheme="abi36_0_0.expo.modules.payments.stripe" />
219-->src/main/AndroidManifest.xml:85:9-69
219-->src/main/AndroidManifest.xml:85:15-67
220            </intent-filter>
221        </activity>
222        <!-- END_SDK_36 -->
223        <!-- BEGIN_SDK_35 -->
224        <activity
224-->src/main/AndroidManifest.xml:178:3-189:14
225            android:name="abi35_0_0.expo.modules.payments.stripe.RedirectUriReceiver"
225-->src/main/AndroidManifest.xml:181:4-77
226            android:exported="true"
226-->src/main/AndroidManifest.xml:179:4-27
227            android:launchMode="singleTask"
227-->src/main/AndroidManifest.xml:180:4-35
228            android:theme="@android:style/Theme.Translucent.NoTitleBar.Fullscreen" >
228-->src/main/AndroidManifest.xml:182:4-74
229            <intent-filter>
229-->src/main/AndroidManifest.xml:183:4-188:20
230                <action android:name="android.intent.action.VIEW" />
230-->src/main/AndroidManifest.xml:87:9-60
230-->src/main/AndroidManifest.xml:87:17-58
231
232                <category android:name="android.intent.category.DEFAULT" />
232-->src/main/AndroidManifest.xml:89:9-67
232-->src/main/AndroidManifest.xml:89:19-65
233                <category android:name="android.intent.category.BROWSABLE" />
233-->src/main/AndroidManifest.xml:90:9-69
233-->src/main/AndroidManifest.xml:90:19-67
234
235                <data android:scheme="abi35_0_0.expo.modules.payments.stripe" />
235-->src/main/AndroidManifest.xml:85:9-69
235-->src/main/AndroidManifest.xml:85:15-67
236            </intent-filter>
237        </activity>
238        <!-- END_SDK_35 -->
239        <!-- BEGIN_SDK_34 -->
240        <activity
240-->src/main/AndroidManifest.xml:192:5-203:16
241            android:name="abi34_0_0.expo.modules.payments.stripe.RedirectUriReceiver"
241-->src/main/AndroidManifest.xml:195:7-80
242            android:exported="true"
242-->src/main/AndroidManifest.xml:193:7-30
243            android:launchMode="singleTask"
243-->src/main/AndroidManifest.xml:194:7-38
244            android:theme="@android:style/Theme.Translucent.NoTitleBar.Fullscreen" >
244-->src/main/AndroidManifest.xml:196:7-77
245            <intent-filter>
245-->src/main/AndroidManifest.xml:197:7-202:23
246                <action android:name="android.intent.action.VIEW" />
246-->src/main/AndroidManifest.xml:87:9-60
246-->src/main/AndroidManifest.xml:87:17-58
247
248                <category android:name="android.intent.category.DEFAULT" />
248-->src/main/AndroidManifest.xml:89:9-67
248-->src/main/AndroidManifest.xml:89:19-65
249                <category android:name="android.intent.category.BROWSABLE" />
249-->src/main/AndroidManifest.xml:90:9-69
249-->src/main/AndroidManifest.xml:90:19-67
250
251                <data android:scheme="abi34_0_0.expo.modules.payments.stripe" />
251-->src/main/AndroidManifest.xml:85:9-69
251-->src/main/AndroidManifest.xml:85:15-67
252            </intent-filter>
253        </activity>
254        <!-- END_SDK_34 -->
255        <!-- BEGIN_SDK_33 -->
256        <activity
256-->src/main/AndroidManifest.xml:206:5-217:16
257            android:name="abi33_0_0.expo.modules.payments.stripe.RedirectUriReceiver"
257-->src/main/AndroidManifest.xml:209:7-80
258            android:exported="true"
258-->src/main/AndroidManifest.xml:207:7-30
259            android:launchMode="singleTask"
259-->src/main/AndroidManifest.xml:208:7-38
260            android:theme="@android:style/Theme.Translucent.NoTitleBar.Fullscreen" >
260-->src/main/AndroidManifest.xml:210:7-77
261            <intent-filter>
261-->src/main/AndroidManifest.xml:211:7-216:23
262                <action android:name="android.intent.action.VIEW" />
262-->src/main/AndroidManifest.xml:87:9-60
262-->src/main/AndroidManifest.xml:87:17-58
263
264                <category android:name="android.intent.category.DEFAULT" />
264-->src/main/AndroidManifest.xml:89:9-67
264-->src/main/AndroidManifest.xml:89:19-65
265                <category android:name="android.intent.category.BROWSABLE" />
265-->src/main/AndroidManifest.xml:90:9-69
265-->src/main/AndroidManifest.xml:90:19-67
266
267                <data android:scheme="abi33_0_0.expo.modules.payments.stripe" />
267-->src/main/AndroidManifest.xml:85:9-69
267-->src/main/AndroidManifest.xml:85:15-67
268            </intent-filter>
269        </activity>
270        <!-- END_SDK_33 -->
271        <!-- END OF STRIPE SCHEMES -->
272
273        <activity
273-->src/main/AndroidManifest.xml:221:5-225:16
274            android:name="host.exp.exponent.experience.ErrorActivity"
274-->src/main/AndroidManifest.xml:222:7-47
275            android:screenOrientation="portrait"
275-->src/main/AndroidManifest.xml:224:7-43
276            android:theme="@style/Theme.Exponent.Dark" >
276-->src/main/AndroidManifest.xml:223:7-49
277        </activity>
278        <activity
278-->src/main/AndroidManifest.xml:227:5-231:16
279            android:name="host.exp.exponent.experience.InfoActivity"
279-->src/main/AndroidManifest.xml:228:7-46
280            android:screenOrientation="portrait"
280-->src/main/AndroidManifest.xml:229:7-43
281            android:theme="@style/Theme.Exponent.Light" >
281-->src/main/AndroidManifest.xml:230:7-50
282        </activity>
283        <activity
283-->src/main/AndroidManifest.xml:233:5-238:39
284            android:name="com.facebook.FacebookActivity"
284-->src/main/AndroidManifest.xml:234:7-51
285            android:configChanges="keyboard|keyboardHidden|screenLayout|screenSize|orientation"
285-->src/main/AndroidManifest.xml:235:7-90
286            android:label="@string/app_name"
286-->src/main/AndroidManifest.xml:236:7-39
287            android:theme="@android:style/Theme.Translucent.NoTitleBar" />
287-->src/main/AndroidManifest.xml:237:7-66
288        <activity
288-->src/main/AndroidManifest.xml:240:5-244:69
289            android:name="com.facebook.ads.InterstitialAdActivity"
289-->src/main/AndroidManifest.xml:241:7-61
290            android:configChanges="keyboard|keyboardHidden|screenLayout|screenSize|orientation"
290-->src/main/AndroidManifest.xml:242:7-90
291            android:label="@string/app_name"
291-->src/main/AndroidManifest.xml:243:7-39
292            android:theme="@android:style/Theme.Translucent.NoTitleBar" />
292-->src/main/AndroidManifest.xml:244:7-66
293
294        <service
294-->src/main/AndroidManifest.xml:246:5-248:34
295            android:name="host.exp.exponent.ExponentIntentService"
295-->src/main/AndroidManifest.xml:247:7-44
296            android:exported="false" />
296-->src/main/AndroidManifest.xml:248:7-31
297
298        <!-- Analytics -->
299        <receiver
299-->src/main/AndroidManifest.xml:251:5-257:16
300            android:name="host.exp.exponent.referrer.InstallReferrerReceiver"
300-->src/main/AndroidManifest.xml:252:7-72
301            android:exported="true" >
301-->src/main/AndroidManifest.xml:253:7-30
302            <intent-filter>
302-->src/main/AndroidManifest.xml:254:7-256:23
303                <action android:name="com.android.vending.INSTALL_REFERRER" />
303-->src/main/AndroidManifest.xml:255:9-71
303-->src/main/AndroidManifest.xml:255:17-68
304            </intent-filter>
305        </receiver>
306
307        <!--
308    This crashes: https://code.google.com/p/analytics-issues/issues/detail?id=667
309    TODO: turn it back on when it's fixed
310    <service
311      android:name="com.google.android.gms.analytics.CampaignTrackingService"
312      android:enabled="true"
313      android:exported="false" />
314        -->
315
316        <receiver
316-->src/main/AndroidManifest.xml:267:5-272:16
317            android:name="com.google.android.gms.analytics.AnalyticsReceiver"
317-->src/main/AndroidManifest.xml:267:15-80
318            android:enabled="true"
318-->src/main/AndroidManifest.xml:268:15-37
319            android:exported="false" >
319-->[com.google.android.gms:play-services-analytics:16.0.8] AndroidManifest.xml:33:13-37
320            <intent-filter>
320-->src/main/AndroidManifest.xml:269:7-271:23
321                <action android:name="com.google.android.gms.analytics.ANALYTICS_DISPATCH" />
321-->src/main/AndroidManifest.xml:270:9-86
321-->src/main/AndroidManifest.xml:270:17-83
322            </intent-filter>
323        </receiver>
324
325        <service
325-->src/main/AndroidManifest.xml:274:5-276:40
326            android:name="com.google.android.gms.analytics.AnalyticsService"
326-->src/main/AndroidManifest.xml:274:14-78
327            android:enabled="true"
327-->src/main/AndroidManifest.xml:275:14-36
328            android:exported="false" />
328-->src/main/AndroidManifest.xml:276:14-38
329
330        <!-- GCM -->
331        <receiver
331-->src/main/AndroidManifest.xml:279:5-289:16